14 0
4 24
102 4097
103 33
104 0
105 4097
106 34
107 0
108 4097
109 35
90 8208
70 0
19 3580
42 31
9 32772
44 0
67 1
91 3580
33 16410
25 0
29 0
70 0
49 0
41 0
99 32774
1 15
60 28695
51 24608
78 0
13 65527
19 3580
24 5
22 3580
80 0
2 0
97 65455
37 2
29 31
30 31
31 31
32 31
33 31
34 31
35 31
36 31
37 31
75 5
24 5
37 2
86 0
80 0
50 3579
21 8207
102 4097
103 33
104 0
105 4097
106 34
107 0
108 4097
109 35
34 2
56 1
84 27
102 4097
103 33
104 0
105 4097
106 34
107 0
108 4097
99 32774
14 0
100 65515
65 0
51 24608
69 28673
36 24599
16 3579
5 0
30 32782
33 16410
21 8207
38 10000
92 1
9 32772
21 8207
32 0
81 32779
8 0
87 32782
102 4097
103 33
104 0
105 4097
106 34
107 0
108 4097
109 35
42 31
85 3579
9 32772
8 0
30 32782
47 0
27 16414
38 10000
48 16385
57 32782
20 10
78 8215
36 24599
18 8224
35 0
51 24608
64 12
49 0
69 28673
15 0
63 32779
80 0
98 0
95 0
97 65455
12 32774
47 0
92 1
88 9
89 0
98 0
2 0
69 28673
21 8207
98 0
8 0
83 0
28 2
36 24599
26 0
18 8224
0 32772
50 3579
23 1
75 5
71 4096
101 0
77 0
70 0
82 15
67 1
40 6
26 0
37 2
19 3580
40 6
33 16410
62 4096
2 0
11 0
5 0
37 2
26 0
22 3580
3 28
4 28
5 28
6 28
7 28
8 28
30 32782
98 0
77 0
100 65515
50 3579
8 0
56 1
0 32772
22 6
84 27
5 0
33 16410
74 1
37 2
21 4097
49 0
55 0
1 15
21 8207
68 3600
0 32772
11 0
21 8207
46 0
43 0
90 8208
50 3579
62 4096
90 8208
62 4096
21 8207
2 0
43 0
59 0
77 0
9 32772
21 8207
60 28695
103 2
43 0
42 31
103 2
44 0
77 0
8 0
74 1
40 6
2 0
98 0
65 0
66 24608
27 16414
50 3579
66 24608
70 0
66 24608
17 4
57 32782
79 3580
23 1
65 0
69 28673
91 3580
10 69
86 0
1 15
66 24608
58 18
53 3576
31 15
46 0
67 1
28 2
75 5
55 0
70 11
71 11
72 11
73 11
74 11
75 11
69 28673
4 24
30 32782
57 32782
53 3576
98 0
70 0
109 35
119 0
129 4097
139 45
149 0
159 4097
169 55
179 0
189 4097
99 32774
7 42
25 0
88 9
65 0
50 3579
13 65527
55 0
72 4131
39 32777
95 0
67 1
16 3579
32 0
54 20516
29 0
9 32772
10 69
6 32772
105 4097
106 34
107 0
108 4097
109 35
110 0
111 4097
99 32774
77 0
90 8208
104 3
92 1
51 24608
58 18
84 27
1 15
84 27
72 4131
95 0
44 0
41 0
81 32779
101 8
102 8
103 8
104 8
0 8
1 8
2 8
3 8
4 8
75 5
56 1
43 0
31 15
101 0
82 15
51 24608
92 0
46 0
80 0
21 8207
86 0
104 3
97 65455
109 35
129 4097
139 45
105 4097
159 4097
106 34
169 55
79 3580
43 0
48 16385
95 0
13 65527
73 3579
72 4131
103 2
99 32774
97 65455
24 5
94 0
59 0
69 28673
105 4097
106 34
107 0
108 4097
109 35
110 0
111 4097
112 36
86 0
60 28695
18 8224
94 0
83 0
91 3580
92 1
88 9
35 0
49 0
67 1
88 9
98 0
4 16
5 16
6 16
7 16
8 16
9 112
10 16
11 16
12 16
13 16
105 4097
106 34
107 0
108 4097
109 35
110 0
111 4097
112 36
113 0
114 4097
105 4097
106 34
107 0
108 4097
109 35
110 0
111 4097
112 36
113 0
114 4097
70 0
93 4097
52 1
89 0
62 4096
45 5
22 3580
94 0
34 2
100 65515
6 32772
4 24
64 0
39 32777
0 0
8 0
0 0
0 0
0 0
0 0
0 0
0 0
22 3580
11 0
57 32782
57 32782
67 1
25 0
55 0
2 0
75 5
34 2
68 3600
26 0
0 0
44 0
0 0
0327  jg [9]                              // ([9] = 9)
0 0
0327  jg [9]                              // ([9] = 9)
14 0
0 0
0327  jg [9]                              // ([9] = 9)
15 8224
11 0
101 0
2 0
9 32772
76 24
13 65527
0 0
0 0
12 32774
0 0
0 0
0 0
33 16410
54 20516
73 8
74 8
75 8
76 8
77 8
78 8
79 8
80 8
60 28695
77 0
18 8224
83 0
29 0
14 0
4 24
93 5
77 0
9 32772
96 32772
48 16385
7 42
75 5
59 0
28 20
29 20
30 20
31 20
32 20
33 20
34 20
35 20
36 20
37 20
68 3600
73 3579
29 0
33 16410
67 1
35 0
40 6
62 4096
24 5
87 32782
24 5
65 6
66 6
67 6
68 6
69 6
70 6
71 6
72 6
73 6
74 6
7 42
12 32774
11 0
14 0
52 1
47 0
58 18
92 1
14 0
103 2
23 1
51 24608
71 4096
59 0
51 24608
99 32774
9 32772
34 2
102 1
105 4097
106 34
107 0
108 4097
109 35
110 0
111 4097
112 36
113 0
61 19
80 0
57 32782
105 4097
106 34
107 0
108 4097
109 35
110 0
111 4097
23 1
55 0
57 32782
44 0
23 1
24 5
26 0
26 0
19 3580
63 32779
67 1
0 0
97 65455
0 0
101 0
0 0
0 0
0 0
67 1
81 10
82 10
83 10
84 10
85 10
86 10
87 10
88 10
89 10
90 10
78 8215
101 0
16 3579
60 28695
99 32774
59 0
105 4097
106 34
107 0
108 4097
109 35
110 0
111 4097
112 36
48 16385
67 1
105 4097
106 34
107 0
108 4097
109 35
110 0
111 4097
112 36
59 0
80 0
4 24
98 0
73 3579
20 10
58 18
77 0
81 32779
74 1
40 6
42 4097
88 9
36 24599
55 0
63 32779
74 3
75 3
76 3
77 3
78 3
79 3
80 3
81 3
82 3
83 3
8 29
9 29
10 29
11 29
12 29
13 29
14 29
15 29
16 29
17 29
65 0
22 3580
67 1
34 2
76 0
56 1
35 0
28 2
8 0
40 6
78 8215
49 0
104 3
84 27
84 27
101 0
105 4097
106 34
107 0
108 4097
109 35
110 0
17 4
57 32782
114 4097
124 40
134 0
144 4097
154 50
164 0
174 4097
184 60
194 0
204 4097
90 8208
60 28695
31 15
26 0
85 3579
46 0
12 32774
34 2
5 0
46 0
56 1
103 2
103 2
55 0
60 28695
97 65455
12 32774
13 29
14 29
15 29
16 29
17 29
18 29
19 29
20 29
103 2
75 5
88 9
105 4097
106 34
107 0
108 4097
109 35
110 0
111 4097
112 36
113 0
29 0
30 0
31 0
32 0
33 0
34 0
35 0
36 0
37 0
38 0
32 0
5 0
102 1
61 0
46 0
6 32772
2 0
105 4097
106 34
107 0
108 4097
109 35
110 0
5 0
100 65515
101 0
81 32779
11 0
49 0
43 0
64 12
5 0
61 0
62 4096
83 0
48 4097
43 0
58 18
21 8207
30 32782
103 2
105 4097
106 34
107 0
108 4097
109 35
110 0
111 4097
112 36
113 0
114 4097
22 3580
55 0
101 0
29 0
45 5
26 15
27 15
28 15
29 15
30 15
31 15
32 15
33 15
34 15
35 15
5 0
12 32774
21 8207
21 8207
47 0
77 0
103 2
36 24599
23 1
44 0
103 2
36 24599
3 32772
21 8207
21 8207
27 16414
87 32782
46 0
47 0
51 24608
98 0
63 32779
48 16385
18 8224
69 28673
89 0
6 32772
105 4097
106 34
107 0
108 4097
109 35
110 0
111 4097
112 36
1 15
64 12
70 0
75 5
96 32772
15 8224
28 0
61 0
26 0
28 0
28 0
28 0
2 0
24 5
89 0
7 42
30 32782
69 28673
1 9
2 9
3 9
4 9
5 9
6 9
7 9
8 9
9 9
10 9
70 0
7 42
85 3579
11 0
24 5
36 24599
94 0
78 8215
33 16410
11 0
30 32782
55 0
100 65515
78 8215
85 3579
105 4097
106 34
107 0
108 4097
109 35
110 0
111 4097
112 36
113 0
41 0
110 0
120 4097
130 42
140 0
150 4097
160 52
170 0
180 4097
190 62
96 32772
19 3580
67 1
86 0
10 69
8 0
48 16385
35 0
71 4096
105 4097
106 34
107 0
108 4097
109 35
93 5
84 27
68 3600
102 1
65 0
62 4096
57 32782
24 5
26 0
53 3576
89 0
26 0
31 15
89 0
97 65455
100 65515
65 0
66 24608
105 4097
106 34
107 0
108 4097
109 35
110 0
111 4097
112 36
113 0
114 4097
33 16410
39 32777
23 1
53 3576
69 28673
105 4097
106 34
107 0
108 4097
109 35
110 0
111 4097
112 36
113 0
19 3580
45 5
6 32772
28 2
71 4096
63 32779
89 0
96 32772
102 1
28 2
14 0
75 5
68 3600
73 3579
58 18
78 8215
29 0
17 4
74 1
55 0
92 1
22 3580
26 0
6 32772
39 32777
82 15
100 65515
36 24599
30 32782
6 32772
51 24608
103 2
29 0
97 65455
6 32772
4 24
84 27
27 16414
54 20516
11 0
59 0
97 65455
80 0
89 0
100 65515
102 1
64 12
101 0
28 2
48 16385
67 1
52 1
31 15
82 15
65 0
58 18
65 0
35 0
83 0
27 16414
106 34
116 0
126 4097
136 44
146 0
156 4097
166 54
2 0
81 32779
32 0
37 2
101 0
41 0
51 24608
81 32779
105 4097
106 34
107 0
108 4097
109 35
110 0
29 0
41 0
49 0
38 10000
77 0
105 4097
106 34
107 0
108 4097
109 35
110 0
111 4097
112 36
13 65527
105 4097
106 34
107 0
108 4097
109 35
110 0
111 4097
112 36
113 0
44 0
105 4097
106 34
107 0
108 4097
109 35
110 0
111 4097
112 36
113 0
60 28695
68 3600
84 27
105 4097
106 34
107 0
108 4097
109 35
110 0
111 4097
112 36
113 0
114 4097
80 0
92 27
93 27
94 27
95 27
96 27
97 27
98 27
99 27
100 27
59 0
85 3579
0 46
49 0
88 9
0 46
53 3576
0 46
85 3579
0 46
87 32782
77 0
110 0
120 4097
130 42
140 0
150 4097
26 0
160 52
170 0
55 0
35 0
0327  jg [9]                              // ([9] = 9)
0327  jg [9]                              // ([9] = 9)
0327  jg [9]                              // ([9] = 9)
58 18
58 18
97 65455
58 18
60 28695
23 1
13 65527
15 8224
78 8215
8 0
72 4131
68 3600
75 5
16 3579
49 15
37 2
100 65515
5 0
73 3579
93 5
6 32772
19 3580
28 2
5 0
98 0
71 4096
97 65455
28 2
58 18
94 0
67 1
104 3
19 3580
103 2
54 20516
20 10
81 32779
62 4096
96 32772
9 32772
75 5
62 4096
94 0
35 0
105 4097
106 34
107 0
108 4097
109 35
110 0
111 4097
112 36
25 0
38 10000
104 3
86 0
46 0
67 1
30 32782
5 0
80 0
32 0
37 2
6 32772
38 10000
3 32772
59 0
105 4097
106 34
107 0
108 4097
109 35
110 0
111 4097
112 36
26 0
90 8208
77 0
58 18
98 0
105 4097
106 34
107 0
108 4097
109 35
110 0
111 4097
112 36
113 0
5 0
90 8208
47 0
81 32779
6 32772
102 1
68 3600
83 0
82 15
69 28673
85 3579
34 2
58 18
31 15
78 8215
21 8207
41 0
1 15
82 15
104 3
61 0
26 0
53 3576
8 0
100 65515
61 0
29 0
17 4
59 0
8 0
49 0
100 65515
9 32772
77 0
4 24
41 0
15 8224
58 18
6 32772
102 1
34 2
63 32779
91 3580
89 0
17 4
53 3576
82 15
56 1
58 18
105 4097
106 34
107 0
108 4097
109 35
105 4097
106 34
107 0
108 4097
109 35
110 0
111 4097
112 36
113 0
114 4097
20 10
56 1
4 24
45 5
2 0
15 8224
58 18
101 0
10 69
43 0
65 0
79 3580
68 3600
38 10000
88 9
88 9
91 3580
77 0
104 3
34 2
51 24608
46 0
44 0
60 28695
38 10000
77 0
74 1
33 16410
34 2
91 3580
64 12
8 0
70 0
14 0
19 3580
61 0
12 32774
67 1
102 1
72 4131
60 28695
78 8215
96 32772
47 17
48 17
49 17
50 17
51 17
52 17
101 0
60 28695
77 0
88 9
45 5
43 0
73 3
74 3
75 3
76 3
70 0
25 0
9 32772
31 15
56 1
103 2
71 4096
35 0
14 0
10 69
26 0
26 0
20 10
101 0
45 5
35 0
21 8207
56 1
76 0
106 34
116 0
126 4097
136 44
146 0
156 4097
166 54
176 0
40 6
48 16385
3 32772
66 24608
57 32782
103 2
43 0
1 15
114 4097
124 40
134 0
144 4097
154 50
164 0
174 4097
184 60
194 0
17 4
96 13
97 13
98 13
99 13
100 13
101 13
102 13
103 13
104 13
7 42
0 32772
44 0
92 1
47 0
74 1
26 0
46 0
76 29
77 29
78 29
79 29
80 29
81 29
82 29
83 29
84 29
29 0
44 0
1 15
47 0
11 0
32 0
11 0
103 2
99 32774
88 9
26 0
21 8207
28 2
6 32772
93 5
73 3579
3 32772
39 32777
64 20
67 1
41 0
47 0
27 16414
74 1
35 0
44 0
94 0
34 2
68 3600
19 3580
8 0
105 4097
106 34
107 0
108 4097
109 35
110 0
9 32772
4 22
5 22
6 22
7 22
8 22
9 154
10 22
11 22
12 22
88 9
93 5
98 0
15 8224
17 4
96 32772
38 10000
87 32782
22 3580
84 27
58 18
57 32782
22 3580
65 0
102 1
86 0
80 0
77 0
5 0
11 0
83 0
29 0
69 28673
70 0
71 4096
92 1
25 0
55 0
32 0
30 32782
76 29
77 29
78 29
79 29
80 29
81 29
82 29
42 31
20 10
63 32779
53 3576
50 3579
18 8224
78 8215
49 0
21 8207
5 0
81 32779
105 4097
106 34
107 0
108 4097
109 35
110 0
111 4097
112 36
67 1
60 28695
92 1
41 0
50 3579
14 0
73 3579
103 2
15 8224
102 1
55 0
105 4097
106 34
107 0
108 4097
109 35
88 9
61 0
84 27
27 16414
92 1
47 0
11 0
44 0
79 3580
98 0
68 3600
37 2
14 0
29 0
56 1
23 1
41 0
20 10
51 24608
79 3580
85 3579
59 0
36 24599
31 15
72 4131
105 4097
106 34
107 0
108 4097
109 35
110 0
111 4097
112 36
113 0
16 3579
24 5
70 0
34 2
71 4096
23 1
7 42
84 27
20 10
83 0
80 0
82 15
54 4
55 4
56 4
57 4
58 4
59 4
60 4
61 4
77 0
77 0
18 8224
77 0
80 0
45 5
71 4096
83 0
105 4097
106 34
107 0
108 4097
109 35
110 0
111 4097
84 27
74 1
45 5
17 4
43 0
102 1
60 28695
67 1
79 3580
80 0
27 16414
105 4097
106 34
107 0
108 4097
109 35
110 0
51 24608
8 0
76 0
81 32779
32 0
14 0
52 1
24 5
41 0
6 32772
88 28
0 32772
79 3580
95 0
105 4097
106 34
107 0
108 4097
109 35
110 0
92 1
5 0
40 6
102 1
56 1
5 0
63 32779
105 4097
106 34
107 0
108 4097
109 35
110 0
111 4097
112 36
113 0
114 4097
33 16410
39 32777
28 2
101 0
78 8215
104 3
54 20516
66 24608
11 0
81 32779
56 1
104 3
29 0
10 69
72 22
73 22
74 22
75 22
76 22
77 22
78 22
79 22
80 22
72 4131
42 31
67 8
68 8
69 8
70 8
71 8
72 8
73 8
74 8
89 0
46 0
16 3579
19 3580
36 7
37 7
38 7
39 7
40 7
41 7
80 0
80 0
70 0
98 0
43 0
25 0
62 4096
99 32774
14 0
86 0
51 24608
105 4097
106 34
107 0
108 4097
109 35
110 0
111 4097
112 36
113 0
11 0
93 5
65 0
21 8207
46 0
79 25
33 16410
68 3600
19 3580
48 16385
27 16414
7 42
104 3
96 32772
76 0
23 1
85 3579
49 0
101 0
55 0
80 0
89 0
39 32777
50 0
51 0
52 0
53 0
54 0
55 0
56 0
45 5
5 0
20 10
77 0
69 28673
73 3579
65 0
23 1
14 0
48 16385
58 18
16 3579
69 28673
28 2
29 0
78 8215
27 16414
79 3580
43 0
7 42
61 0
92 1
36 24599
8 0
63 32779
8 0
94 30
69 28673
86 0
44 0
105 4097
106 34
107 0
108 4097
109 35
110 0
30 32782
78 8215
80 0
101 0
16 5
17 5
18 5
19 5
20 5
21 5
22 5
23 5
24 5
25 5
38 10000
47 0
74 1
83 0
43 0
25 0
58 18
109 35
119 0
129 4097
139 45
149 0
159 4097
169 55
179 0
54 20516
57 32782
47 0
101 0
96 32772
0 0
45 0
0 0
45 0
88 9
32 0
0 0
45 0
60 28695
78 8215
17 0
33 0
105 4097
106 34
107 0
108 4097
109 35
110 0
111 4097
112 36
113 0
14 0
57 32782
0 32772
11 0
92 1
33 16410
81 32779
68 3600
75 5
77 0
29 0
30 32782
41 0
77 0
0327  jg [9]                              // ([9] = 9)
24 5
105 4097
106 34
107 0
108 4097
109 35
110 0
111 4097
112 36
113 0
33 16410
105 4097
106 34
107 0
108 4097
109 35
110 0
111 4097
112 36
113 0
67 1
74 1
4 24
33 16410
17 0
3 0
3 0
3 0
3 0
59 0
6 32772
97 65455
10 69
18 8224
59 0
23 1
9 40
10 20
11 20
12 20
13 20
14 20
15 20
16 20
33 16410
35 0
13 65527
81 32779
44 0
4 24
72 4131
34 2
53 3576
70 0
30 32782
21 8207
78 8215
78 8215
23 1
22 3580
105 4097
106 34
107 0
108 4097
109 35
110 0
111 4097
112 36
113 0
114 4097
58 0
105 4097
106 34
107 0
108 4097
109 35
110 0
111 4097
112 36
113 0
0 46
3 32772
0 46
0 46
0 46
0 46
55 0
50 3579
85 3579
92 1
105 4097
106 34
107 0
108 4097
109 35
110 0
111 4097
43 0
2 0
78 4097
8 0
53 3576
38 10000
47 0
4 24
57 32782
36 24599
105 4097
106 34
107 0
108 4097
109 35
110 0
111 4097
112 36
113 0
50 3579
19 3580
94 0
80 0
22 3580
15 8224
66 24608
53 3576
35 0
33 4097
8 0
26 0
82 0
11 0
105 4097
106 34
107 0
108 4097
109 35
110 0
111 4097
112 36
105 4097
106 34
107 0
108 4097
109 35
110 0
111 4097
9 32772
112 36
113 0
28 2
60 28695
57 32782
60 28695
105 4097
106 34
107 0
108 4097
109 35
110 0
42 31
68 3600
11 0
12 32774
2 0
2 0
2 0
2 0
99 32774
2 0
8 0
59 0
0 0
51 24608
0 0
54 20516
0 0
0 0
16 3579
112 36
68 3600
69 28673
66 24608
7 42
36 24599
12 32774
64 12
32 0
105 4097
106 34
107 0
108 4097
109 35
110 0
111 4097
112 36
113 0
96 32772
9 32772
78 8215
16 3579
95 0
22 3580
22 3580
9 32772
5 0
102 1
39 32777
102 1
23 1
30 32782
47 0
82 15
102 1
4 24
14 0
35 0
99 32774
85 3579
10 69
77 0
37 2
105 4097
106 34
107 0
108 4097
109 35
110 0
111 4097
87 32782
40 6
91 3580
10 69
8 0
56 1
34 2
77 0
22 3580
77 0
65 0
27 24
28 24
29 24
30 24
31 24
32 24
33 24
34 24
35 24
36 24
59 0
20 10
40 6
28 2
43 0
1 15
101 0
58 18
24 5
66 24608
68 3600
105 4097
106 34
107 0
108 4097
109 35
110 0
111 4097
112 36
0 0
0 0
60 28695
74 1
0 0
0 0
95 0
83 0
0 0
13 65527
17 4
26 0
24 5
80 0
17 4
62 4096
100 65515
87 32782
95 0
105 4097
106 34
107 0
108 4097
109 35
110 0
77 0
29 0
96 32772
26 0
97 65455
11 9
12 9
13 9
14 9
15 9
16 9
17 9
51 24608
84 15
85 15
86 15
87 15
88 15
89 15
90 15
91 15
92 15
61 0
15 8224
12 32774
18 8224
96 32772
76 0
9 32772
98 0
95 0
9 32772
27 16414
76 0
15 8224
25 0
88 9
55 0
44 0
38 10000
5 0
68 3600
19 3580
60 28695
23 1
8 0
93 5
105 4097
106 34
107 0
108 4097
109 35
110 0
111 4097
112 36
113 0
31 15
64 12
63 32779
78 8215
80 0
84 27
76 0
77 0
32 0
68 3600
68 3600
79 3580
89 0
17 4
73 3579
26 0
34 2
62 4096
29 15
30 15
31 15
32 15
33 15
34 15
35 15
36 15
37 15
38 15
24 5
88 9
31 15
94 0
58 18
53 3576
59 0
99 32774
35 0
85 3579
60 28695
74 1
81 32779
102 1
21 8207
80 0
0 0
0 32772
40 6
84 27
27 16414
58 18
89 0
105 4097
106 34
107 0
108 4097
109 35
110 0
71 4096
48 16385
62 4096
42 31
2 0
71 4096
78 8215
40 6
64 12
105 4097
106 34
107 0
108 4097
91 3580
92 1
60 28695
49 15
86 0
86 0
23 1
95 0
18 8224
69 28673
113 0
123 4097
133 43
143 0
153 4097
163 53
173 0
183 4097
193 63
6 32772
73 3579
104 3
4 24
96 32772
100 65515
11 0
73 3579
91 3580
13 65527
90 8208
70 0
18 8224
28 23
29 23
30 23
31 23
32 23
33 23
34 23
68 3600
96 32772
24 5
16 3579
45 5
82 0
25 0
60 28695
83 0
25 0
30 32782
58 18
30 32782
92 1
80 0
84 27
56 1
63 32779
79 3580
66 24608
67 1
2 0
48 16385
75 5
85 3579
40 6
35 0
26 16
27 16
28 16
29 16
30 16
31 16
32 16
33 16
34 16
35 16
19 3580
83 0
101 0
50 3579
110 0
120 4097
130 42
140 0
150 4097
160 52
170 0
180 4097
190 62
200 0
78 8215
57 32782
39 17
40 17
41 17
42 17
43 17
44 17
45 17
46 17
91 3580
3 32772
8 0
75 5
71 4096
76 24
77 24
78 24
79 24
80 24
81 24
82 24
83 24
84 24
85 24
94 0
23 1
82 15
70 0
105 4097
106 34
108 4097
109 35
111 4097
112 36
9 32772
57 0
89 0
56 1
20 10
23 1
105 4097
106 34
107 0
108 4097
109 35
50 3579
3 32772
29 0
17 4
18 4
19 4
20 4
21 4
22 4
23 4
24 4
25 4
26 4
78 27
79 27
80 27
81 27
82 27
83 27
84 27
85 27
86 27
87 27
103 2
91 3580
80 0
56 1
43 0
76 0
18 8224
68 3600
87 32782
11 13
12 13
13 13
14 13
15 13
16 13
17 13
18 13
110 0
120 4097
130 42
140 0
150 4097
160 52
170 0
180 4097
190 62
200 0
31 15
3 32772
78 0
55 0
105 4097
106 34
107 0
108 4097
109 35
110 0
111 4097
112 36
67 1
1 15
22 3580
94 0
28 2
0 32772
14 0
20 10
78 8215
45 5
94 0
62 4096
1 15
30 32782
98 0
47 0
51 24608
90 8208
73 3579
109 35
119 0
129 4097
61 0
58 18
110 0
120 4097
130 42
140 0
150 4097
160 52
170 0
180 4097
49 0
19 3580
7 42
114 4097
124 40
134 0
144 4097
154 50
164 0
174 4097
184 60
194 0
204 4097
64 12
97 65455
65 0
37 2
44 9
45 9
46 9
47 9
48 9
49 9
50 9
51 9
15 8224
76 0
75 5
60 28695
105 4097
106 34
107 0
108 4097
109 35
110 0
111 4097
112 36
79 3580
74 1
91 3580
92 1
50 3579
0 32772
8 0
79 3580
80 0
50 3579
1 15
1 15
17 4
55 0
75 5
62 4096
88 9
91 2
92 2
93 2
94 2
95 2
96 2
97 2
92 1
102 1
105 4097
106 34
107 0
108 4097
109 35
110 0
111 4097
112 36
4 24
27 30
28 30
29 30
30 30
31 30
32 30
33 30
34 30
35 30
31 15
17 4
98 0
5 0
48 16385
109 35
119 0
129 4097
139 45
149 0
159 4097
169 55
179 0
189 4097
14 0
67 1
55 0
63 32779
82 15
0 32772
58 18
58 18
26 0
46 0
35 0
25 0
13 65527
58 18
6 32772
22 3580
62 4096
44 0
105 4097
106 34
107 0
108 4097
109 35
110 0
111 4097
112 36
113 0
76 0
105 4097
106 34
107 0
108 4097
109 35
110 0
111 4097
112 36
113 0
10 69
99 32774
37 2
56 1
38 10000
53 3576
1 15
9 32772
13 65527
44 0
27 16414
44 0
4 24
76 0
76 0
25 0
42 31
47 0
89 0
64 12
25 0
74 1
97 65455
61 0
89 0
62 4096
19 3580
79 3580
71 4096
46 0
60 28695
101 0
67 1
82 15
83 0
39 32777
105 4097
106 34
107 0
108 4097
109 35
110 0
111 4097
112 36
113 0
23 1
8 0
16 3579
20 10
59 0
103 2
18 8224
2 0
7 42
36 24599
83 0
70 0
76 0
98 0
7 42
14 0
68 3600
47 0
102 1
93 5
62 4096
50 3579
15 8224
47 0
67 1
22 3580
102 1
67 1
95 0
41 0
13 65527
87 32782
18 8224
3 32772
65 0
49 0
89 0
56 1
103 2
105 4097
106 34
107 0
108 4097
109 35
110 0
111 4097
112 36
113 0
5 0
100 65515
28 2
85 3579
24 5
75 5
84 27
35 0
14 0
60 28695
3 32772
103 2
86 0
34 2
39 32777
63 32779
38 28
39 28
40 28
41 28
42 28
43 28
44 28
45 28
46 28
47 28
101 0
29 0
59 0
63 32779
105 4097
106 34
107 0
108 4097
109 35
110 0
111 4097
112 36
113 0
114 4097
41 0
35 0
45 5
5 0
84 27
37 2
9 32772
104 3
33 16410
61 0
105 4097
106 34
107 0
108 4097
109 35
110 0
20 10
44 0
90 8208
5 0
52 1
99 32774
17 4
91 3580
105 4097
106 34
107 0
108 4097
109 35
53 3576
77 0
81 32779
105 4097
106 34
107 0
108 4097
109 35
110 0
111 4097
100 65515
45 5
94 0
25 0
47 0
0 32772
26 0
30 32782
82 15
6 32772
42 31
58 18
45 5
49 0
18 8224
77 0
84 27
50 3579
0 4
0 4
0 4
0 4
0 4
0 4
7 42
60 28695
47 0
82 15
26 2478
72 4131
26 658
65 0
48 16385
18 8224
70 0
58 18
64 12
65 0
30 32782
70 0
64 12
17 4
74 1
10 69
50 3579
50 3579
56 1
94 0
94 0
81 17
82 17
83 17
84 17
85 17
86 17
87 17
88 17
89 17
90 17
0 32772
46 0
95 0
23 1
0 32772
41 0
41 0
56 1
16 3579
1 15
68 3600
59 0
32 0
43 0
37 2
102 1
51 24608
2 0
44 0
75 5
75 5
29 0
16 3579
83 0
6 32772
6 32772
13 5
14 5
15 5
16 5
17 5
18 5
19 5
85 3579
45 5
37 2
29 0
86 0
7 42
60 28695
31 15
63 32779
0 32772
17 4
92 1
69 28673
73 3579
36 24599
90 8208
105 4097
106 34
108 4097
109 35
111 4097
112 36
114 4097
115 37
117 4097
118 38
67 1
66 24608
105 4097
106 34
107 0
108 4097
109 35
110 0
111 4097
112 36
113 0
82 15
3 32772
24 5
11 0
61 0
30 32782
10 69
31 15
47 0
101 0
21 8207
51 24608
15 0
15 0
15 0
15 0
15 0
91 3580
40 6
69 28673
91 3580
85 3579
70 0
45 5
17 4
105 4097
1 15
106 34
107 0
108 4097
109 35
110 0
111 4097
112 36
25 0
99 16
100 16
101 16
102 16
103 16
104 16
0 16
1 16
2 16
105 4097
106 34
107 0
108 4097
109 35
110 0
111 4097
112 36
113 0
114 4097
62 4096
74 1
92 1
105 4097
106 34
107 0
108 4097
109 35
110 0
111 4097
99 32774
8 0
75 5
94 0
56 1
45 5
97 65455
105 4097
106 34
107 0
43 0
11 0
44 0
55 0
81 22
82 22
83 22
84 22
85 22
86 22
78 8215
87 32782
6 32772
34 2
93 5
19 3580
43 0
46 0
44 0
44 0
72 4131
85 3579
112 36
122 0
132 4097
142 46
152 0
162 4097
172 56
182 0
192 4097
26 0
3 32772
36 24599
65 0
55 0
59 0
56 1
61 0
105 4097
106 34
107 0
108 4097
109 35
110 0
111 4097
112 36
113 0
17 4
53 3576
17 4
17 4
9 32772
25 0
35 0
81 32779
107 0
117 4097
127 41
137 0
147 4097
157 51
167 0
177 4097
105 4097
106 34
107 0
108 4097
109 35
110 0
111 4097
112 36
113 0
114 4097
51 24608
35 0
35 0
81 32779
22 3580
17 4
86 0
66 24608
52 1
19 3580
2 0
96 32772
56 1
111 4097
121 39
131 0
141 4097
151 49
161 0
171 4097
103 2
104 27
0 27
1 27
2 27
3 27
4 27
5 27
6 27
7 27
95 0
110 0
120 4097
130 42
140 0
150 4097
160 52
170 0
180 4097
190 62
15 8224
82 15
80 14
81 14
82 14
83 14
84 14
85 14
86 14
87 14
19 3580
36 30
37 30
38 30
39 30
40 30
41 30
42 30
43 30
44 30
97 65455
6 32772
78 8215
17 4
50 3579
104 3
105 4097
106 34
107 0
108 4097
109 35
110 0
111 4097
112 36
43 0
92 1
86 0
74 1
29 0
15 8224
4 24
71 4096
57 32782
59 0
103 2
64 12
93 5
28 2
26 0
47 0
32 0
73 3579
93 5
47 0
72 4131
105 4097
106 34
107 0
108 4097
109 35
110 0
111 4097
112 36
113 0
24 5
103 2
54 20516
95 0
63 32779
85 3579
46 0
11 0
57 32782
21 8207
3 32772
47 0
13 65527
39 32777
49 0
13 65527
49 0
90 8208
86 0
84 27
30 6
31 6
32 6
33 6
34 6
35 6
36 6
37 6
38 6
39 6
68 3600
80 21
81 21
82 21
83 21
84 21
85 21
86 21
87 21
88 21
101 0
45 5
48 16385
31 15
21 8207
23 1
98 0
20 10
8 0
42 31
47 0
22 3580
42 31
52 3
53 3
54 3
55 3
56 3
57 3
58 3
59 3
60 3
61 3
13 65527
24 5
65 0
21 8207
105 4097
106 34
107 0
108 4097
109 35
110 0
92 1
14 0
13 65527
56 1
3 32772
64 12
24 5
21 8207
80 0
92 1
30 32782
64 12
86 0
81 32779
47 0
102 1
92 1
21 8207
10 69
64 12
29 0
97 17
98 17
99 17
100 17
101 17
102 17
103 17
104 17
0 17
1 17
29 0
15 8224
22 3580
67 1
76 0
62 4096
72 4131
69 28673
86 0
67 1
86 0
24 5
13 65527
105 4097
106 34
107 0
108 4097
109 35
110 0
111 4097
112 36
113 0
114 4097
62 0
96 32772
29 5
30 5
31 5
32 5
33 5
34 5
35 5
36 5
27 16414
31 15
7 42
16 3579
111 4097
121 39
131 0
141 4097
151 49
161 0
3 32772
38 10000
26 0
74 1
54 20516
31 15
17 4
104 3
5 0
105 4097
106 34
107 0
108 4097
109 35
110 0
90 8208
39 32777
55 0
105 4097
106 34
107 0
108 4097
109 35
110 0
111 4097
74 1
70 0
73 3579
48 16385
68 3600
105 4097
106 34
107 0
108 4097
109 35
110 0
111 4097
112 36
113 0
114 4097
21 8207
82 15
83 0
23 1
59 0
77 0
0327  jg [9]                              // ([9] = 9)
0327  jg [9]                              // ([9] = 9)
0327  jg [9]                              // ([9] = 9)
69 28673
0327  jg [9]                              // ([9] = 9)
0327  jg [9]                              // ([9] = 9)
0327  jg [9]                              // ([9] = 9)
15 8224
111 4097
121 39
131 0
141 4097
151 49
161 0
171 4097
181 59
191 0
86 0
94 0
104 3
30 32782
35 0
111 4097
121 39
131 0
141 4097
151 49
161 0
104 17
0 17
1 17
2 17
3 17
4 17
5 17
6 17
7 17
8 17
99 32774
84 27
37 2
8 0
57 32782
95 0
71 4096
79 0
43 0
34 2
35 0
1 15
48 16385
76 0
0 32772
79 3580
59 0
90 8208
61 0
63 32779
96 32772
46 0
96 32772
22 3580
23 1
6 32772
84 27
17 4
40 6
102 1
58 18
85 3600
17 0
70 0
17 0
38 10000
52 1
85 3579
17 0
24 5
45 5
34 2
40 6
57 32782
49 0
102 1
74 1
104 3
21 8207
10 69
52 1
103 2
90 8208
12 32774
67 1
13 65527
7 42
12 32774
25 0
39 32777
9 32772
103 2
55 0
70 0
48 16385
19 3580
2 0
39 32777
34 2
110 0
120 4097
130 42
140 0
150 4097
160 52
170 0
180 4097
190 62
200 0
19 3580
49 0
24 5
92 1
59 0
56 1
102 1
12 32774
76 0
6 32772
47 0
53 0
42 31
60 28695
23 1
10 69
67 1
91 3580
24 5
33 16410
69 28673
32 0
56 1
71 4096
82 15
85 3579
13 65527
96 32772
86 0
0327  jg [9]                              // ([9] = 9)
86 0
76 0
97 65455
20 10
103 2
82 15
53 31
53 3576
54 31
55 31
56 31
57 31
58 31
59 31
60 31
61 31
67 0
74 0
43 0
54 20516
54 20516
37 2
93 5
29 0
43 0
12 32774
37 2
15 8224
78 8215
47 0
91 3580
60 28695
101 0
27 16414
9 32772
4 24
38 10000
39 32777
34 2
57 32782
34 2
78 13
79 13
80 13
81 13
82 13
83 13
84 13
85 13
86 13
61 0
42 31
5 0
0 0
0 0
0 0
0 0
0 0
0 0
0 0
39 32777
81 32779
74 1
21 8207
62 4096
24 5
27 16414
89 0
13 65527
105 4097
106 34
107 0
108 4097
109 35
110 0
35 0
54 20516
30 32782
66 24608
15 8224
86 0
1 15
15 8224
30 32782
85 3579
7 42
81 32779
84 27
77 0
73 3579
72 4131
97 65455
38 10000
89 0
22 3580
0 0
36 24599
73 3579
104 3
80 0
35 0
57 32782
0 32772
91 3580
67 1
31 15
3 32772
10 69
2 0
41 0
19 3580
110 0
120 4097
130 42
140 0
150 4097
160 52
26 0
57 32782
33 16410
72 4131
97 65455
2 0
50 3579
34 2
28 2
64 12
89 0
67 1
92 1
105 4097
106 34
107 0
108 4097
109 35
110 0
0 32772
54 20516
16 3579
16 3579
28 2
28 2
55 0
62 4096
38 10000
4 24
78 8215
61 0
95 0
97 65455
49 0
42 31
102 1
102 0
60 28695
19 3580
3 32772
10 69
32 25
33 25
34 25
35 25
36 25
37 25
38 25
69 28673
58 18
64 12
33 16410
18 8224
43 0
23 1
57 32782
71 0
1 28
2 28
3 28
4 28
5 28
6 28
7 28
8 28
9 28
10 69
91 3580
17 4
13 65527
68 3600
101 0
7 42
18 8224
62 4096
43 0
67 1
74 1
84 27
0 96
65 0
14 0
0 96
58 0
61 0
82 15
3 32772
48 16385
85 3579
5 0
65 0
41 0
55 0
2 0
80 0
105 4097
106 34
107 0
40 6
1 15
2 20
3 20
4 20
5 20
6 20
7 20
8 20
9 180
9 32772
95 0
98 0
52 30
53 30
54 30
55 30
56 30
57 30
58 30
59 30
60 30
61 30
61 0
70 0
58 18
107 0
117 4097
127 41
137 0
147 4097
157 51
167 0
94 0
105 4097
106 34
107 0
108 4097
109 35
110 0
111 4097
112 36
113 0
44 0
8 0
40 6
11 0
38 9
39 9
40 9
41 9
42 9
43 9
38 10000
66 24608
105 4097
106 34
107 0
108 4097
109 35
110 0
111 4097
112 36
71 4096
22 3580
63 32779
77 0
54 20516
26 0
82 15
9 32772
30 32782
45 5
14 0
46 0
89 0
37 2
63 32779
85 3579
56 1
104 3
13 65527
29 0
80 0
1 15
34 2
77 0
50 3579
19 0
66 24608
19 0
91 3580
63 32779
80 0
35 0
0 17
0 17
0 17
0 17
0 17
0 17
0 17
70 0
41 0
79 3580
2 0
48 16385
99 32774
30 32782
74 1
9 32772
72 4131
101 0
19 3580
35 0
57 32782
62 4096
98 0
7 42
93 5
64 12
68 3600
21 8207
85 3579
64 12
74 1
27 16414
83 0
27 4097
96 0
7 42
59 0
81 32779
56 1
101 0
95 0
17 4
31 15
31 15
79 3580
99 7
100 7
101 7
102 7
103 7
104 7
0 7
1 7
2 7
63 32779
30 32782
34 2
102 1
9 32772
3 32772
23 1
93 5
11 0
92 1
2 0
92 1
92 1
55 0
71 4
72 4
73 4
74 4
75 4
76 4
77 4
78 4
82 15
59 0
0 32772
31 15
34 2
11 0
105 4097
106 34
107 0
108 4097
109 35
110 0
111 4097
112 36
25 0
10 69
79 3580
24 5
56 1
1 15
17 4
94 0
45 5
105 4097
106 34
107 0
108 4097
109 35
110 0
111 4097
112 36
113 0
114 4097
105 4097
106 34
107 0
108 4097
109 35
110 0
111 4097
112 36
113 0
114 4097
92 1
29 0
46 0
40 6
56 1
53 3576
90 8208
77 0
81 32779
39 32777
105 4097
106 34
107 0
108 4097
109 35
110 0
111 4097
112 36
53 31
54 31
55 31
56 31
57 31
58 31
59 31
60 31
61 31
62 31
59 0
0 32772
17 4
89 0
16 3579
9 32772
72 4131
90 8208
53 3576
77 0
102 1
9 32772
7 42
35 0
9 32772
61 0
43 0
104 3
67 1
79 3580
44 0
51 24608
72 4131
42 31
6 32772
101 0
105 4097
106 34
107 0
108 4097
109 35
110 0
42 31
33 16410
22 3580
81 32779
7 42
72 4131
56 1
45 5
69 27
70 27
71 27
72 27
73 27
74 27
75 27
76 27
77 27
31 15
8 0
12 32774
105 4097
106 34
107 0
108 4097
109 35
110 0
111 4097
80 0
100 65515
40 6
95 0
88 9
54 4
55 4
56 4
57 4
58 4
59 4
60 4
61 4
62 4
63 4
105 4097
106 34
107 0
108 4097
109 35
110 0
111 4097
112 36
113 0
114 4097
72 28
73 28
74 28
75 28
76 28
77 28
78 28
79 28
80 28
81 28
84 27
28 2
11 0
49 0
59 0
90 8208
41 0
42 31
58 18
22 3580
23 1
68 3600
28 2
94 30
25 0
40 6
74 1
41 0
69 28673
100 65515
21 8207
51 22
52 22
53 22
54 22
55 22
56 22
57 22
104 3
8 0
65 0
100 65515
43 0
14 0
97 65455
74 1
76 0
87 32782
38 10000
104 3
80 0
42 31
43 0
39 32777
105 4097
106 34
107 0
108 4097
109 35
110 0
111 4097
112 36
113 0
72 4131
61 0
45 5
44 0
27 16414
68 3600
36 24599
30 32782
87 32782
85 3579
36 24599
16 3579
39 32777
111 4097
121 39
131 0
141 4097
151 49
161 0
171 4097
181 59
191 0
201 4097
0 32772
105 4097
106 34
107 0
108 4097
109 35
110 0
111 4097
112 36
113 0
31 15
89 0
53 3576
62 4096
44 0
6 32772
61 0
114 4097
124 40
134 0
144 4097
154 50
164 0
174 4097
184 60
194 0
79 3580
96 32772
93 5
26 0
88 9
16 3579
55 0
0 32772
65 0
36 24599
6 32772
59 0
5 0
17 4
69 28673
75 5
9 32772
30 32782
99 4097
28 2
10 69
78 8215
92 1
65 0
27 16414
69 28673
58 18
23 1
103 2
17 19
18 19
19 19
20 19
21 19
22 19
23 19
24 19
25 19
17 4
46 0
69 28673
26 0
48 3
49 3
50 3
51 3
52 3
53 3
104 3
37 2
20 10
22 3580
6 32772
57 32782
40 6
55 0
69 28673
60 28695
7 42
52 1
58 18
44 0
29 0
36 24599
58 18
90 8208
23 1
10 69
4 24
28 2
0 32772
46 0
63 32779
38 10000
95 0
89 0
83 0
105 4097
106 34
107 0
108 4097
109 35
110 0
111 4097
41 0
39 32777
37 2
27 16414
78 8215
71 4096
5 0
84 27
11 0
27 16414
64 12
33 16410
57 32782
20 10
35 0
49 0
105 4097
106 34
107 0
108 4097
109 35
110 0
111 4097
112 36
81 32779
58 18
44 0
1 15
8 0
13 65527
44 0
73 3579
26 0
91 3580
75 5
88 9
89 0
20 10
48 16385
0 32772
69 28673
50 3579
76 0
51 24608
96 32772
14 0
93 5
34 2
69 28673
19 3580
12 32774
41 0
68 3600
72 4131
41 0
76 0
63 0
98 0
88 9
42 31
19 3580
82 15
63 32779
40 6
101 0
48 16385
84 27
5 0
85 3579
5 0
59 0
12 32774
56 1
16 3579
105 4097
106 34
107 0
108 4097
109 35
110 0
111 4097
56 1
28 2
75 5
42 31
40 6
7 42
95 0
77 0
87 32782
45 5
60 28695
47 0
38 10000
52 1
71 4096
35 0
87 32782
38 10000
102 1
61 0
46 0
17 4
92 1
13 65527
63 32779
68 3600
0 32772
104 30
0 30
1 30
2 30
3 30
4 30
5 30
62 4096
0 14
105 4097
106 34
107 0
108 4097
109 35
110 0
111 4097
112 36
82 15
53 3576
28 2
74 1
59 0
93 5
73 3579
37 2
80 0
25 0
80 0
12 32774
36 24599
77 0
90 8208
3 32772
4 24
8 14
9 42
10 14
11 14
12 14
13 14
14 14
15 14
16 14
23 1
87 32782
75 5
84 27
66 24608
44 0
65 14
66 14
67 14
68 14
69 14
70 14
71 14
72 14
73 14
57 32782
102 1
14 0
35 0
81 32779
105 4097
106 34
107 0
108 4097
109 35
110 0
111 4097
112 36
113 0
69 28673
49 0
97 65455
54 20516
29 0
13 65527
91 3580
0 23
1 23
2 23
3 23
4 23
5 23
6 23
7 23
8 23
4 24
99 32774
84 27
40 6
6 32772
0 3583
0 3316
96 32772
46 0
56 1
98 0
7 42
32 0
105 4097
106 34
107 0
108 4097
109 35
110 0
111 4097
112 36
113 0
105 4097
106 34
107 0
108 4097
109 35
110 0
111 4097
112 36
113 0
114 4097
88 9
63 32779
85 3579
100 65515
1 15
38 10000
41 0
100 65515
76 0
86 0
54 20516
65 0
23 1
56 1
23 1
43 0
104 3
88 9
25 0
89 0
58 18
54 20516
91 3580
92 1
48 28
49 28
50 28
51 28
52 28
53 28
83 0
2 0
89 0
67 1
45 5
85 3579
48 16385
36 24599
44 0
17 4
29 0
11 0
45 5
104 3
101 0
32 0
100 65515
95 0
98 0
13 65527
29 0
34 2
83 0
24 5
48 16385
52 1
76 0
28 2
39 32777
72 4131
25 0
40 6
76 0
5 0
28 2
67 1
32 0
33 16410
53 3576
105 4097
106 34
107 0
108 4097
109 35
110 0
111 4097
112 36
113 0
93 5
53 3576
75 5
12 32774
22 3580
105 4097
106 34
107 0
108 4097
109 35
31 15
41 0
20 10
25 0
69 28673
29 0
6 32772
16 3579
27 16414
31 15
95 0
88 9
12 32774
100 65515
79 3580
39 32777
88 9
18 8224
47 0
52 1
91 3580
85 3579
105 4097
106 34
107 0
108 4097
109 35
110 0
111 4097
112 36
113 0
114 4097
105 4097
106 34
107 0
108 4097
109 35
110 0
111 4097
112 36
113 0
114 4097
83 0
47 0
76 0
20 10
22 3580
35 0
51 24608
60 28695
80 0
88 9
89 9
90 9
67 1
10 69
49 0
17 4
20 10
68 3600
97 65455
71 4096
92 1
57 14
58 14
59 14
60 14
61 14
62 14
63 14
64 14
65 14
66 14
97 65455
17 4
82 15
48 16385
11 0
9 32772
89 0
6 32772
38 10000
43 0
105 4097
106 34
107 0
108 4097
109 35
110 0
111 4097
112 36
113 0
105 4097
106 34
107 0
108 4097
109 35
110 0
111 4097
112 36
113 0
114 4097
52 1
30 32782
63 32779
0 32772
37 2
30 32782
80 0
59 0
67 1
13 65527
82 15
36 24599
33 16410
42 31
85 3579
4 24
51 14
52 14
53 14
54 14
55 14
56 14
28 2
46 0
66 24608
105 4097
106 34
107 0
108 4097
109 35
110 0
111 4097
112 36
48 16385
7 42
72 4131
64 12
14 0
35 0
18 15
19 15
20 15
21 15
22 15
23 15
24 15
25 15
26 15
44 0
53 3576
99 32774
24 5
9 32772
23 1
95 0
46 0
68 3600
31 15
88 9
66 24608
38 10000
64 12
86 0
13 65527
85 2
86 2
87 2
88 2
89 2
90 2
91 2
92 2
93 2
85 3579
72 4131
92 1
7 42
58 18
26 0
78 8215
25 0
5 0
20 10
90 8208
105 4097
106 34
107 0
108 4097
109 35
110 0
111 4097
112 36
113 0
41 0
88 9
88 9
84 27
74 1
26 0
37 2
105 4097
106 34
107 0
108 4097
109 35
110 0
111 4097
112 36
113 0
84 27
82 15
95 0
16 3579
34 2
17 4
30 32782
77 0
66 24608
95 0
18 8224
83 0
12 32774
105 4097
106 34
107 0
108 4097
109 35
110 0
111 4097
112 36
78 8215
105 4097
106 34
107 0
108 4097
109 35
110 0
111 4097
112 36
113 0
104 3
1 15
104 3
25 0
72 4131
75 5
38 0
48 16385
82 15
34 2
9 32772
112 11
122 0
132 4097
142 46
63 32779
68 3600
91 3580
48 16385
18 8224
83 0
35 0
88 9
52 1
70 0
84 27
32 3
33 3
34 3
35 3
42 31
40 6
79 3580
89 0
6 30
7 30
8 30
9 150
10 30
11 30
12 30
13 30
14 30
7 19
8 19
9 19
10 19
11 19
12 19
13 19
14 19
15 19
16 19
60 28695
22 3580
1 15
95 0
66 24608
2 0
30 32782
42 31
7 42
0 0
0 0
0 0
44 0
0 0
25 0
34 2
13 65527
84 4097
34 2
66 24608
59 0
53 3576
72 4131
30 32782
59 0
98 0
5 0
40 6
58 18
99 32774
81 32779
59 0
62 4096
55 0
103 2
12 32774
27 16414
104 3
94 0
20 10
47 0
23 1
67 1
10 69
50 3579
91 3580
33 16410
82 15
105 4097
106 34
107 0
108 4097
109 35
22 3580
38 10000
87 32782
28 2
61 0
28 2
41 0
44 0
34 19
35 19
36 19
37 19
38 19
39 19
40 19
5 0
22 3580
29 0
60 28695
70 0
46 0
98 0
40 6
47 0
85 3579
91 3580
91 3580
79 0
89 0
52 1
83 0
85 3579
34 2
38 10000
42 4097
91 3580
30 32782
47 0
39 32777
56 1
55 0
92 1
21 8207
55 0
63 32779
4 24
11 0
13 65527
43 0
89 0
13 65527
25 0
35 10
36 10
37 10
38 10
39 10
40 10
84 27
37 2
83 0
11 0
66 24608
60 28695
32 0
68 3600
71 4096
87 32782
5 0
103 0
0 32772
74 1
87 32782
51 24608
2 0
98 0
43 0
82 15
2 0
36 24599
91 3580
14 0
18 8224
58 18
54 20516
41 0
47 0
68 3600
66 24608
1 15
22 3580
71 4096
8 0
33 16410
22 3580
47 0
70 0
61 0
28 2
47 0
15 8224
75 5
82 15
45 0
39 32777
51 24608
40 6
76 0
72 4131
61 0
82 15
82 15
82 15
82 15
82 15
82 15
82 15
62 4096
85 3579
76 0
44 0
99 32774
45 5
43 0
48 16385
26 0
1 15
41 0
103 2
45 5
37 2
73 3579
84 27
94 0
73 3579
95 0
0 32772
90 8208
44 0
28 2
28 2
75 5
82 15
32 0
104 13
0 13
1 13
2 13
3 13
4 13
5 13
99 32774
113 0
123 4097
133 43
143 0
153 4097
163 53
173 0
183 4097
193 63
203 0
57 32782
95 0
92 1
87 32782
14 0
66 24608
102 1
28 2
4 24
64 12
90 8208
25 0
107 0
117 4097
127 41
137 0
147 4097
157 51
44 0
105 4097
106 34
107 0
108 4097
109 35
110 0
111 4097
112 36
113 0
41 0
27 16414
42 31
13 65527
56 1
100 65515
33 16410
104 29
0 29
1 29
2 29
3 29
4 29
5 29
6 29
79 3580
7 42
8 0
80 0
73 3579
96 32772
7 42
53 3576
81 32779
4 24
57 32782
105 4097
106 34
107 0
108 4097
109 35
110 0
111 4097
112 36
113 0
105 4097
106 34
107 0
108 4097
109 35
110 0
111 4097
112 36
113 0
114 4097
64 12
8 0
90 8208
49 0
37 2
58 18
13 65527
21 8207
76 0
55 0
57 32782
28 2
67 1
88 9
22 3580
60 28695
6 32772
0 32772
63 32779
105 4097
106 34
107 0
108 4097
109 35
110 0
111 4097
112 36
66 24608
8 0
51 24608
57 32782
8 0
110 0
120 4097
130 42
140 0
150 4097
160 52
170 0
180 4097
190 62
200 0
1 15
9 32772
68 3600
20 10
81 32779
50 3579
11 0
20 10
102 1
55 0
37 2
69 28673
99 32774
103 2
56 1
81 32779
55 0
41 0
2 0
17 4
20 10
43 0
9 32772
15 8224
38 10000
84 27
54 20516
26 12
27 12
28 12
29 12
30 12
31 12
32 12
33 12
34 12
35 12
47 0
7 42
81 32779
8 6
9 18
10 6
11 6
12 6
13 6
14 6
51 24608
5 0
109 35
119 0
129 4097
139 45
149 0
159 4097
169 55
179 0
10 69
22 3580
49 0
77 0
32 0
50 3579
98 0
32 0
58 18
41 0
39 32777
76 0
14 0
47 0
57 32782
83 0
58 18
60 28695
39 32777
83 0
41 0
43 0
42 31
18 8224
74 1
43 0
56 1
52 1
55 0
22 3580
101 0
80 0
6 32772
94 0
45 5
20 10
59 0
74 1
104 3
93 5
69 28673
38 10000
105 4097
106 34
107 0
108 4097
109 35
0 32772
89 0
4 24
57 32782
40 6
69 25
70 25
71 25
72 25
73 25
82 15
51 24608
88 9
3 32772
31 15
94 0
74 1
26 0
72 4097
94 0
2 0
68 3600
13 65527
105 4097
106 34
107 0
108 4097
109 35
110 0
111 4097
112 36
113 0
63 32779
94 0
102 1
9 32772
33 16410
12 32774
40 6
50 3579
29 0
62 4096
65 0
88 9
21 8207
23 1
65 0
75 5
77 0
83 0
13 65527
28 2
104 3
9 32772
91 3580
12 32774
58 18
35 9
36 9
37 9
38 9
39 9
3 32772
104 3
82 15
103 2
13 65527
42 31
6 32772
105 4097
106 34
107 0
108 4097
109 35
110 0
111 4097
112 36
113 0
114 4097
82 15
74 1
105 4097
105 4097
106 34
106 34
107 0
107 0
108 4097
108 4097
109 35
109 35
102 1
54 20516
50 3579
40 6
46 0
46 0
102 1
43 0
85 3579
66 24608
79 3580
62 4096
28 2
26 0
24 5
66 24608
78 8215
41 0
30 32782
85 3579
26 0
45 5
46 0
17 4
89 0
4 24
22 3580
49 0
27 16414
5 0
60 28695
94 0
30 32782
74 1
35 0
6 32772
43 0
59 0
90 8208
32 0
51 24608
19 0
104 3
74 1
22 3580
32 0
47 0
30 32782
79 25
27 16414
14 0
95 0
23 1
89 0
55 0
16 3579
59 0
22 3580
29 0
33 16410
48 16385
100 65515
28 2
15 8224
41 0
78 8215
48 16385
21 20
22 20
23 20
24 20
25 20
28 2
80 0
53 3576
5 0
105 4097
106 34
107 0
108 4097
109 35
110 0
111 4097
112 36
113 0
36 4097
64 12
81 32779
81 32779
81 32779
81 32779
81 32779
81 32779
16 3579
81 32779
59 0
38 10000
71 4096
75 4103
105 4097
106 34
107 0
108 4097
109 35
110 0
111 4097
112 36
113 0
89 0
15 8224
31 15
67 1
58 18
56 1
46 0
78 8215
20 10
34 2
21 8207
67 1
90 8208
15 8224
33 16410
1 15
82 15
100 65515
105 4097
106 34
107 0
108 4097
109 35
110 0
111 4097
112 36
7 42
65 0
60 28695
22 3580
38 10000
58 18
54 20516
89 0
36 24599
24 5
105 4097
106 34
108 4097
109 35
111 4097
112 36
114 4097
100 65515
72 4131
77 0
20 9
21 9
22 9
23 9
24 9
25 9
26 9
40 6
49 0
33 16410
1 15
7 42
97 65455
29 0
34 2
68 3600
19 3580
73 3579
99 32774
41 0
75 5
85 3579
64 12
11 0
6 32772
69 28673
42 31
51 24608
5 0
24 5
78 8215
0 32772
35 0
87 5
88 5
89 5
90 5
91 5
92 5
93 5
9 6
10 3
11 3
12 3
13 3
14 3
15 3
16 3
17 3
18 3
54 20516
42 31
78 4097
89 0
89 0
82 15
105 4097
106 34
107 0
108 4097
109 35
21 8207
17 4
71 4096
88 9
41 0
73 3579
22 3580
6 32772
22 3580
57 32782
105 4097
106 34
107 0
108 4097
109 35
110 0
111 4097
112 36
113 0
114 4097
55 0
67 1
9 32772
33 16410
82 15
33 16410
13 65527
4 24
21 13
22 13
23 13
24 13
25 13
26 13
27 13
20 10
78 8215
21 8207
4 24
58 18
76 0
81 32779
39 32777
79 3580
83 0
25 0
44 0
55 0
20 10
67 1
16 3579
27 16414
20 10
1 28
2 28
3 28
4 28
5 28
6 28
7 28
8 28
9 280
10 28
50 3579
37 2
54 20516
105 4097
106 34
107 0
108 4097
109 35
110 0
111 4097
14 0
95 0
66 24608
51 24608
104 3
87 32782
101 0
75 5
85 3579
49 1
50 1
51 1
52 1
53 1
54 1
55 1
56 1
57 1
92 0
100 65515
55 0
65 0
34 2
75 5
62 4096
34 2
31 15
105 4097
106 34
107 0
108 4097
109 35
110 0
111 4097
112 36
41 0
48 16385
50 3579
41 0
96 32772
66 24608
89 0
34 2
48 16385
39 32777
58 18
5 0
99 32774
11 0
75 5
46 0
35 0
31 15
27 16414
70 0
24 5
48 16385
69 28673
71 4096
102 1
8 0
61 0
97 65455
91 3580
101 0
7 42
105 4097
106 34
107 0
108 4097
109 35
110 0
111 4097
48 16385
35 0
21 8207
10 69
88 9
75 5
85 3579
6 32772
74 1
4 24
26 0
69 28673
39 32777
62 4096
99 32774
87 32782
81 32779
58 18
20 10
75 5
78 8215
88 9
30 32782
65 0
73 3579
66 24608
95 0
105 4097
106 34
107 0
108 4097
109 35
110 0
111 4097
112 36
103 2
105 4097
106 34
108 4097
109 35
111 4097
112 36
114 4097
115 37
117 4097
28 2
40 6
53 3576
47 0
105 4097
106 34
107 0
108 4097
109 35
110 0
87 0
40 6
7 42
6 32772
57 32782
8 0
47 0
59 0
34 2
75 5
75 5
75 5
32 0
28 2
92 1
63 32779
78 8215
101 0
64 12
16 3579
77 0
78 8215
59 0
29 0
47 0
87 32782
85 3579
49 0
55 0
77 0
7 42
37 2
104 3
72 4131
30 32782
43 0
15 8224
28 2
67 1
68 1
69 1
70 1
71 1
72 1
73 1
74 1
75 1
93 0
25 0
75 5
78 8215
4 24
98 0
73 3579
94 0
25 0
4 24
82 15
94 0
81 32779
54 20516
43 0
63 32779
49 0
0 32772
75 5
62 4096
105 4097
106 34
107 0
108 4097
5 0
80 0
29 0
89 0
94 0
69 28673
98 0
76 0
83 0
37 2
63 32779
105 4097
106 34
107 0
108 4097
109 35
110 0
111 4097
112 36
113 0
114 4097
58 18
37 2
38 10000
42 31
88 9
42 31
95 0
28 2
61 0
107 0
117 4097
127 41
137 0
147 4097
157 51
167 0
177 4097
68 3600
26 0
69 28673
98 0
71 4096
22 3580
35 0
104 3
55 0
85 3579
0 32772
33 16410
66 24608
81 32779
69 28673
16 3579
60 13
61 13
62 13
63 13
64 13
65 13
66 13
67 13
62 4096
51 24608
82 15
110 0
120 4097
130 42
140 0
150 4097
160 52
170 0
1 15
95 0
30 32782
16 3579
67 1
43 0
4 24
26 0
43 0
52 1
20 10
56 1
47 0
40 6
80 0
77 0
62 4096
41 0
53 3576
37 2
92 1
36 24599
34 2
93 5
80 0
51 24608
45 5
6 32772
13 65527
23 1
33 16410
96 32772
103 2
62 2
63 2
64 2
65 2
66 2
67 2
97 65455
34 2
66 24608
37 2
72 4131
22 3580
47 0
39 32777
97 65455
92 1
17 4
59 0
45 5
74 1
21 8207
68 3600
100 65515
9 32772
25 7
26 7
27 7
28 7
29 7
30 7
31 7
32 7
33 7
34 7
26 0
92 1
77 0
1 15
28 2
20 10
107 0
117 4097
127 41
137 0
147 4097
157 51
167 0
177 4097
187 61
61 0
103 2
73 3579
104 3
38 10000
66 24608
0 32772
35 0
16 3579
43 0
11 0
62 4096
37 0
38 0
39 0
40 0
41 0
42 0
43 0
44 0
45 0
46 0
10 69
45 5
19 3580
38 10000
82 15
29 0
9 32772
14 0
105 4097
106 34
107 6
108 4097
109 35
110 0
111 4097
112 36
113 0
114 4097
26 7518
71 4096
26 5698
26 3878
79 3580
26 2058
5 0
26 0
44 0
0 52
15 8224
33 16410
29 0
49 0
18 8224
15 8224
83 0
94 0
1 15
97 65455
81 32779
90 8208
26 0
33 16410
102 1
94 0
102 1
40 6
91 3580
5 0
63 32779
2 0
44 0
54 20516
87 32782
1 15
91 3580
12 32774
56 1
46 0
17 4
47 0
35 0
79 3580
10 69
13 65527
51 24608
31 15
45 5
65 0
89 0
35 0
60 28695
86 0
66 24608
17 4
56 1
60 28695
45 5
35 0
78 8215
56 1
43 0
76 2
77 2
78 2
79 2
80 2
81 2
82 2
83 2
84 2
85 2
43 0
45 5
35 0
25 0
35 0
102 1
5 0
98 0
54 20516
98 0
83 0
66 24608
86 0
98 0
105 4097
106 34
107 0
108 4097
109 35
110 0
111 4097
112 36
113 0
114 4097
13 65527
17 4
65 0
18 8224
69 28673
52 1
4 24
24 5
86 0
37 2
55 0
68 3600
65 0
77 0
21 8207
